2025-04-10 22:27:02 error: Ha ocurrido un error Access denied for user ''@'localhost' (using password: NO)
2025-04-10 22:39:38 error: Ha ocurrido un error Access denied for user ''@'localhost' (using password: NO)
2025-04-10 22:40:11 error: Ha ocurrido un error Access denied for user ''@'localhost' (using password: NO)
2025-04-10 23:40:31 error: Ha ocurrido un error Access denied for user ''@'localhost' (using password: NO)
2025-04-10 23:45:48 error: Ha ocurrido un error Access denied for user ''@'localhost' (using password: NO)
2025-04-10 23:47:03 error: Ha ocurrido un error Access denied for user ''@'localhost' (using password: NO)
2025-04-10 23:48:58 error: Ha ocurrido un error Access denied for user ''@'localhost' (using password: NO)
2025-04-10 23:51:19 error: Ha ocurrido un error Access denied for user ''@'localhost' (using password: NO)
2025-04-10 23:52:11 error: Ha ocurrido un error Access denied for user ''@'localhost' (using password: NO)
2025-04-10 23:53:17 error: Ha ocurrido un error Access denied for user ''@'localhost' (using password: NO)
2025-04-10 23:54:25 error: Ha ocurrido un error Access denied for user ''@'localhost' (using password: NO)
2025-04-28 22:12:00 error: Ha ocurrido un error Access denied for user ''@'localhost' (using password: YES)
2025-04-28 22:15:27 error: Ha ocurrido un error Access denied for user ''@'localhost' (using password: YES)
2025-04-28 22:17:26 error: Ha ocurrido un error Access denied for user ''@'localhost' (using password: YES)
2025-04-28 22:20:19 error: Ha ocurrido un error Access denied for user ''@'localhost' (using password: YES)
2025-04-28 22:23:08 error: Ha ocurrido un error Access denied for user ''@'localhost' (using password: YES)
2025-04-28 22:43:17 error: Ha ocurrido un error Access denied for user ''@'localhost' (using password: YES)
2025-04-28 22:43:59 error: Ha ocurrido un error Access denied for user ''@'localhost' (using password: YES)
2025-04-28 22:44:58 error: Ha ocurrido un error Access denied for user ''@'localhost' (using password: YES)
2025-04-28 22:45:11 error: Ha ocurrido un error Access denied for user ''@'localhost' (using password: YES)
2025-04-28 22:46:50 error: Ha ocurrido un error Access denied for user ''@'localhost' (using password: YES)
2025-04-28 22:51:35 error: Ha ocurrido un error Access denied for user ''@'localhost' (using password: YES)
2025-04-29 21:13:59 error: Ha ocurrido un error Access denied for user ''@'localhost' (using password: YES)
2025-04-29 21:16:52 error: Ha ocurrido un error Access denied for user ''@'localhost' (using password: YES)
2025-04-29 21:17:08 error: Ha ocurrido un error Access denied for user ''@'localhost' (using password: YES)
2025-04-29 21:18:28 info: Conexión a la base de datos establecida correctamente.
2025-04-29 21:18:28 info: Modelos sincronizados correctamente.
2025-04-29 21:18:28 info: Servidor escuchando en el puerto: 3000
2025-04-29 21:20:15 info: Conexión a la base de datos establecida correctamente.
2025-04-29 21:20:15 info: Modelos sincronizados correctamente.
2025-04-29 21:20:15 info: Servidor escuchando en el puerto: 3000
2025-04-30 20:02:32 info: Conexión a la base de datos establecida correctamente.
2025-04-30 20:02:32 info: Modelos sincronizados correctamente.
2025-04-30 20:02:32 info: Servidor escuchando en el puerto: 3000
2025-04-30 20:05:11 info: Conexión a la base de datos establecida correctamente.
2025-04-30 20:05:11 info: Modelos sincronizados correctamente.
2025-04-30 20:05:11 info: Servidor escuchando en el puerto: 3000
2025-04-30 20:10:07 info: Conexión a la base de datos establecida correctamente.
2025-04-30 20:10:07 info: Modelos sincronizados correctamente.
2025-04-30 20:10:07 info: Servidor escuchando en el puerto: 3000
2025-04-30 22:26:19 info: Conexión a la base de datos establecida correctamente.
2025-04-30 22:26:19 info: Modelos sincronizados correctamente.
2025-04-30 22:26:19 info: Servidor escuchando en el puerto: 3000
2025-04-30 22:30:16 error: Ha ocurrido un error en createUser Controller Ya existe un usuario registrado con ese Email
2025-04-30 22:30:18 error: Ha ocurrido un error en createUser Controller Ya existe un usuario registrado con ese Email
2025-04-30 22:30:18 error: Ha ocurrido un error en createUser Controller Ya existe un usuario registrado con ese Email
2025-04-30 22:30:18 error: Ha ocurrido un error en createUser Controller Ya existe un usuario registrado con ese Email
2025-04-30 22:30:19 error: Ha ocurrido un error en createUser Controller Ya existe un usuario registrado con ese Email
2025-04-30 22:31:43 info: Conexión a la base de datos establecida correctamente.
2025-04-30 22:31:43 info: Modelos sincronizados correctamente.
2025-04-30 22:31:43 info: Servidor escuchando en el puerto: 3000
2025-04-30 23:02:04 error: Ha ocurrido un error en createUser Controller El Nombre Proporcionado no cumple con el formato
2025-04-30 23:02:04 error: Ha ocurrido un error en createUser Controller El Nombre Proporcionado no cumple con el formato
2025-04-30 23:02:05 error: Ha ocurrido un error en createUser Controller El Nombre Proporcionado no cumple con el formato
2025-04-30 23:02:05 error: Ha ocurrido un error en createUser Controller El Nombre Proporcionado no cumple con el formato
2025-04-30 23:28:34 error: Ha ocurrido un error en createUser Controller El Nombre Proporcionado no cumple con el formato
2025-04-30 23:32:20 error: Ha ocurrido un error en createUser Controller La contraseña debe contener 9 caracteres, 4 letras, 4 números, un carácter especial y como mínimo una mayúscula, una minúscula
2025-04-30 23:32:26 error: Ha ocurrido un error en createUser Controller La contraseña debe contener 9 caracteres, 4 letras, 4 números, un carácter especial y como mínimo una mayúscula, una minúscula
