2025-04-10 22:27:02 error: Ha ocurrido un error Access denied for user ''@'localhost' (using password: NO)
2025-04-10 22:39:38 error: Ha ocurrido un error Access denied for user ''@'localhost' (using password: NO)
2025-04-10 22:40:11 error: Ha ocurrido un error Access denied for user ''@'localhost' (using password: NO)
2025-04-10 23:40:31 error: Ha ocurrido un error Access denied for user ''@'localhost' (using password: NO)
2025-04-10 23:45:48 error: Ha ocurrido un error Access denied for user ''@'localhost' (using password: NO)
2025-04-10 23:47:03 error: Ha ocurrido un error Access denied for user ''@'localhost' (using password: NO)
2025-04-10 23:48:58 error: Ha ocurrido un error Access denied for user ''@'localhost' (using password: NO)
2025-04-10 23:51:19 error: Ha ocurrido un error Access denied for user ''@'localhost' (using password: NO)
2025-04-10 23:52:11 error: Ha ocurrido un error Access denied for user ''@'localhost' (using password: NO)
2025-04-10 23:53:17 error: Ha ocurrido un error Access denied for user ''@'localhost' (using password: NO)
2025-04-10 23:54:25 error: Ha ocurrido un error Access denied for user ''@'localhost' (using password: NO)
2025-04-28 22:12:00 error: Ha ocurrido un error Access denied for user ''@'localhost' (using password: YES)
2025-04-28 22:15:27 error: Ha ocurrido un error Access denied for user ''@'localhost' (using password: YES)
2025-04-28 22:17:26 error: Ha ocurrido un error Access denied for user ''@'localhost' (using password: YES)
2025-04-28 22:20:19 error: Ha ocurrido un error Access denied for user ''@'localhost' (using password: YES)
2025-04-28 22:23:08 error: Ha ocurrido un error Access denied for user ''@'localhost' (using password: YES)
2025-04-28 22:43:17 error: Ha ocurrido un error Access denied for user ''@'localhost' (using password: YES)
2025-04-28 22:43:59 error: Ha ocurrido un error Access denied for user ''@'localhost' (using password: YES)
2025-04-28 22:44:58 error: Ha ocurrido un error Access denied for user ''@'localhost' (using password: YES)
2025-04-28 22:45:11 error: Ha ocurrido un error Access denied for user ''@'localhost' (using password: YES)
2025-04-28 22:46:50 error: Ha ocurrido un error Access denied for user ''@'localhost' (using password: YES)
2025-04-28 22:51:35 error: Ha ocurrido un error Access denied for user ''@'localhost' (using password: YES)
2025-04-29 21:13:59 error: Ha ocurrido un error Access denied for user ''@'localhost' (using password: YES)
2025-04-29 21:16:52 error: Ha ocurrido un error Access denied for user ''@'localhost' (using password: YES)
2025-04-29 21:17:08 error: Ha ocurrido un error Access denied for user ''@'localhost' (using password: YES)
2025-04-30 22:30:16 error: Ha ocurrido un error en createUser Controller Ya existe un usuario registrado con ese Email
2025-04-30 22:30:18 error: Ha ocurrido un error en createUser Controller Ya existe un usuario registrado con ese Email
2025-04-30 22:30:18 error: Ha ocurrido un error en createUser Controller Ya existe un usuario registrado con ese Email
2025-04-30 22:30:18 error: Ha ocurrido un error en createUser Controller Ya existe un usuario registrado con ese Email
2025-04-30 22:30:19 error: Ha ocurrido un error en createUser Controller Ya existe un usuario registrado con ese Email
2025-04-30 23:02:04 error: Ha ocurrido un error en createUser Controller El Nombre Proporcionado no cumple con el formato
2025-04-30 23:02:04 error: Ha ocurrido un error en createUser Controller El Nombre Proporcionado no cumple con el formato
2025-04-30 23:02:05 error: Ha ocurrido un error en createUser Controller El Nombre Proporcionado no cumple con el formato
2025-04-30 23:02:05 error: Ha ocurrido un error en createUser Controller El Nombre Proporcionado no cumple con el formato
2025-04-30 23:28:34 error: Ha ocurrido un error en createUser Controller El Nombre Proporcionado no cumple con el formato
2025-04-30 23:32:20 error: Ha ocurrido un error en createUser Controller La contraseña debe contener 9 caracteres, 4 letras, 4 números, un carácter especial y como mínimo una mayúscula, una minúscula
2025-04-30 23:32:26 error: Ha ocurrido un error en createUser Controller La contraseña debe contener 9 caracteres, 4 letras, 4 números, un carácter especial y como mínimo una mayúscula, una minúscula
2025-05-01 23:12:52 error: Ha ocurrido un error en authMiddleware Middleware Token no proporcionado
2025-05-02 18:50:53 error: Ha ocurrido un error en createUser Controller La contraseña debe contener 9 caracteres, 4 letras, 4 números, un carácter especial y como mínimo una mayúscula, una minúscula
2025-05-02 18:51:54 error: Ha ocurrido un error en createUser Controller El Teléfono Proporcionado no cumple con el formato
2025-05-02 18:52:35 error: Ha ocurrido un error en createUser Controller El Teléfono Proporcionado no cumple con el formato
2025-05-02 18:57:04 error: Ha ocurrido un error en createUser Controller data is not defined
2025-05-15 19:55:29 error: Ha ocurrido un error en createUser Controller El Apellido Proporcionado no cumple con el formato
2025-05-15 19:56:31 error: Ha ocurrido un error en createUser Controller La contraseña debe contener 9 caracteres, 4 letras, 4 números, un carácter especial y como mínimo una mayúscula, una minúscula
2025-05-15 19:56:35 error: Ha ocurrido un error en createUser Controller La contraseña debe contener 9 caracteres, 4 letras, 4 números, un carácter especial y como mínimo una mayúscula, una minúscula
2025-05-15 19:56:50 error: Ha ocurrido un error en createUser Controller La contraseña debe contener 9 caracteres, 4 letras, 4 números, un carácter especial y como mínimo una mayúscula, una minúscula
2025-05-15 19:57:04 error: Ha ocurrido un error en createUser Controller La contraseña debe contener 9 caracteres, 4 letras, 4 números, un carácter especial y como mínimo una mayúscula, una minúscula
2025-05-15 19:57:16 error: Ha ocurrido un error en createUser Controller El Teléfono Proporcionado no cumple con el formato
2025-05-17 20:11:43 error: Ha ocurrido un error en createUser Controller El Teléfono Proporcionado no cumple con el formato
2025-05-21 19:34:53 error: Ha ocurrido un error en createUser Controller El Nombre Proporcionado no cumple con el formato
2025-05-21 19:36:05 error: Ha ocurrido un error en createUser Controller El Teléfono Proporcionado no cumple con el formato
2025-05-22 19:22:53 error: Ha ocurrido un error en createUser Controller El Nombre Proporcionado no cumple con el formato
2025-05-22 19:22:55 error: Ha ocurrido un error en createUser Controller El Nombre Proporcionado no cumple con el formato
2025-05-22 19:22:56 error: Ha ocurrido un error en createUser Controller El Nombre Proporcionado no cumple con el formato
2025-05-22 19:22:56 error: Ha ocurrido un error en createUser Controller El Nombre Proporcionado no cumple con el formato
2025-05-22 19:22:57 error: Ha ocurrido un error en createUser Controller El Nombre Proporcionado no cumple con el formato
2025-05-22 19:23:03 error: Ha ocurrido un error en createUser Controller El Nombre Proporcionado no cumple con el formato
2025-05-22 19:23:06 error: Ha ocurrido un error en createUser Controller El Nombre Proporcionado no cumple con el formato
